FATAL [AWT-EventQueue-0] 2024-07-02T12:59:26,471 RSUIPlugin - Fatal error starting Repast
java.lang.NoClassDefFoundError: org/eclipse/jetty/server/Handler
	at java.lang.Class.getDeclaredMethods0(Native Method) ~[?:?]
	at java.lang.Class.privateGetDeclaredMethods(Class.java:3402) ~[?:?]
	at java.lang.Class.privateGetPublicMethods(Class.java:3427) ~[?:?]
	at java.lang.Class.getMethods(Class.java:2019) ~[?:?]
	at repast.simphony.engine.watcher.WatchAnnotationReader.findWatchAnnotation(WatchAnnotationReader.java:42) ~[?:?]
	at repast.simphony.engine.watcher.WatchAnnotationReader.processClass(WatchAnnotationReader.java:30) ~[?:?]
	at repast.simphony.engine.watcher.WatchAnnotationReader.processClasses(WatchAnnotationReader.java:36) ~[?:?]
	at repast.simphony.scenario.ScenarioLoader.load(ScenarioLoader.java:155) ~[?:?]
	at repast.simphony.ui.RSApplication.open(RSApplication.java:373) ~[?:?]
	at repast.simphony.ui.RSAppConfigurator.postWindowOpen(RSAppConfigurator.java:39) ~[?:?]
	at saf.core.ui.GUICreatorDelegate.runDisplay(GUICreatorDelegate.java:216) ~[?:?]
	at saf.core.ui.GUICreator$1.run(GUICreator.java:18) ~[?:?]
	at simphony.util.ThreadUtilities$Runner.run(ThreadUtilities.java:33) ~[saf.core.runtime.jar:?]
	at simphony.util.ThreadUtilities.runInEventThread(ThreadUtilities.java:47) ~[saf.core.runtime.jar:?]
	at saf.core.ui.GUICreator.runDisplay(GUICreator.java:16) ~[?:?]
	at repast.simphony.ui.RSUIPlugin$1.run(RSUIPlugin.java:101) ~[?:?]
	at java.awt.event.InvocationEvent.dispatch(InvocationEvent.java:318) ~[?:?]
	at java.awt.EventQueue.dispatchEventImpl(EventQueue.java:771) ~[?:?]
	at java.awt.EventQueue$4.run(EventQueue.java:722) ~[?:?]
	at java.awt.EventQueue$4.run(EventQueue.java:716) ~[?:?]
	at java.security.AccessController.doPrivileged(AccessController.java:399) ~[?:?]
	at java.security.ProtectionDomain$JavaSecurityAccessImpl.doIntersectionPrivilege(ProtectionDomain.java:86) ~[?:?]
	at java.awt.EventQueue.dispatchEvent(EventQueue.java:741) ~[?:?]
	at java.awt.EventDispatchThread.pumpOneEventForFilters(EventDispatchThread.java:203) ~[?:?]
	at java.awt.EventDispatchThread.pumpEventsForFilter(EventDispatchThread.java:124) ~[?:?]
	at java.awt.EventDispatchThread.pumpEventsForHierarchy(EventDispatchThread.java:113) ~[?:?]
	at java.awt.EventDispatchThread.pumpEvents(EventDispatchThread.java:109) ~[?:?]
	at java.awt.EventDispatchThread.pumpEvents(EventDispatchThread.java:101) ~[?:?]
	at java.awt.EventDispatchThread.run(EventDispatchThread.java:90) ~[?:?]
Caused by: java.lang.ClassNotFoundException: org.eclipse.jetty.server.Handler
	at org.java.plugin.standard.StandardPluginClassLoader.loadClass(Unknown Source) ~[jpf.jar:1.0.0]
	at java.lang.ClassLoader.loadClass(ClassLoader.java:520) ~[?:?]
	... 29 more
FATAL [AWT-EventQueue-0] 2024-07-02T14:04:51,939 RSUIPlugin - Fatal error starting Repast
java.lang.NoClassDefFoundError: org/eclipse/jetty/server/Handler
	at java.lang.Class.getDeclaredMethods0(Native Method) ~[?:?]
	at java.lang.Class.privateGetDeclaredMethods(Class.java:3402) ~[?:?]
	at java.lang.Class.privateGetPublicMethods(Class.java:3427) ~[?:?]
	at java.lang.Class.getMethods(Class.java:2019) ~[?:?]
	at repast.simphony.engine.watcher.WatchAnnotationReader.findWatchAnnotation(WatchAnnotationReader.java:42) ~[?:?]
	at repast.simphony.engine.watcher.WatchAnnotationReader.processClass(WatchAnnotationReader.java:30) ~[?:?]
	at repast.simphony.engine.watcher.WatchAnnotationReader.processClasses(WatchAnnotationReader.java:36) ~[?:?]
	at repast.simphony.scenario.ScenarioLoader.load(ScenarioLoader.java:155) ~[?:?]
	at repast.simphony.ui.RSApplication.open(RSApplication.java:373) ~[?:?]
	at repast.simphony.ui.RSAppConfigurator.postWindowOpen(RSAppConfigurator.java:39) ~[?:?]
	at saf.core.ui.GUICreatorDelegate.runDisplay(GUICreatorDelegate.java:216) ~[?:?]
	at saf.core.ui.GUICreator$1.run(GUICreator.java:18) ~[?:?]
	at simphony.util.ThreadUtilities$Runner.run(ThreadUtilities.java:33) ~[saf.core.runtime.jar:?]
	at simphony.util.ThreadUtilities.runInEventThread(ThreadUtilities.java:47) ~[saf.core.runtime.jar:?]
	at saf.core.ui.GUICreator.runDisplay(GUICreator.java:16) ~[?:?]
	at repast.simphony.ui.RSUIPlugin$1.run(RSUIPlugin.java:101) ~[?:?]
	at java.awt.event.InvocationEvent.dispatch(InvocationEvent.java:318) ~[?:?]
	at java.awt.EventQueue.dispatchEventImpl(EventQueue.java:771) ~[?:?]
	at java.awt.EventQueue$4.run(EventQueue.java:722) ~[?:?]
	at java.awt.EventQueue$4.run(EventQueue.java:716) ~[?:?]
	at java.security.AccessController.doPrivileged(AccessController.java:399) ~[?:?]
	at java.security.ProtectionDomain$JavaSecurityAccessImpl.doIntersectionPrivilege(ProtectionDomain.java:86) ~[?:?]
	at java.awt.EventQueue.dispatchEvent(EventQueue.java:741) ~[?:?]
	at java.awt.EventDispatchThread.pumpOneEventForFilters(EventDispatchThread.java:203) ~[?:?]
	at java.awt.EventDispatchThread.pumpEventsForFilter(EventDispatchThread.java:124) ~[?:?]
	at java.awt.EventDispatchThread.pumpEventsForHierarchy(EventDispatchThread.java:113) ~[?:?]
	at java.awt.EventDispatchThread.pumpEvents(EventDispatchThread.java:109) ~[?:?]
	at java.awt.EventDispatchThread.pumpEvents(EventDispatchThread.java:101) ~[?:?]
	at java.awt.EventDispatchThread.run(EventDispatchThread.java:90) ~[?:?]
Caused by: java.lang.ClassNotFoundException: org.eclipse.jetty.server.Handler
	at org.java.plugin.standard.StandardPluginClassLoader.loadClass(Unknown Source) ~[jpf.jar:1.0.0]
	at java.lang.ClassLoader.loadClass(ClassLoader.java:520) ~[?:?]
	... 29 more
FATAL [AWT-EventQueue-0] 2024-07-05T08:51:30,236 RSUIPlugin - Fatal error starting Repast
java.lang.NoClassDefFoundError: org/eclipse/jetty/server/Handler
	at java.lang.Class.getDeclaredMethods0(Native Method) ~[?:?]
	at java.lang.Class.privateGetDeclaredMethods(Class.java:3402) ~[?:?]
	at java.lang.Class.privateGetPublicMethods(Class.java:3427) ~[?:?]
	at java.lang.Class.getMethods(Class.java:2019) ~[?:?]
	at repast.simphony.engine.watcher.WatchAnnotationReader.findWatchAnnotation(WatchAnnotationReader.java:42) ~[?:?]
	at repast.simphony.engine.watcher.WatchAnnotationReader.processClass(WatchAnnotationReader.java:30) ~[?:?]
	at repast.simphony.engine.watcher.WatchAnnotationReader.processClasses(WatchAnnotationReader.java:36) ~[?:?]
	at repast.simphony.scenario.ScenarioLoader.load(ScenarioLoader.java:155) ~[?:?]
	at repast.simphony.ui.RSApplication.open(RSApplication.java:373) ~[?:?]
	at repast.simphony.ui.RSAppConfigurator.postWindowOpen(RSAppConfigurator.java:39) ~[?:?]
	at saf.core.ui.GUICreatorDelegate.runDisplay(GUICreatorDelegate.java:216) ~[?:?]
	at saf.core.ui.GUICreator$1.run(GUICreator.java:18) ~[?:?]
	at simphony.util.ThreadUtilities$Runner.run(ThreadUtilities.java:33) ~[saf.core.runtime.jar:?]
	at simphony.util.ThreadUtilities.runInEventThread(ThreadUtilities.java:47) ~[saf.core.runtime.jar:?]
	at saf.core.ui.GUICreator.runDisplay(GUICreator.java:16) ~[?:?]
	at repast.simphony.ui.RSUIPlugin$1.run(RSUIPlugin.java:101) ~[?:?]
	at java.awt.event.InvocationEvent.dispatch(InvocationEvent.java:318) ~[?:?]
	at java.awt.EventQueue.dispatchEventImpl(EventQueue.java:771) ~[?:?]
	at java.awt.EventQueue$4.run(EventQueue.java:722) ~[?:?]
	at java.awt.EventQueue$4.run(EventQueue.java:716) ~[?:?]
	at java.security.AccessController.doPrivileged(AccessController.java:399) ~[?:?]
	at java.security.ProtectionDomain$JavaSecurityAccessImpl.doIntersectionPrivilege(ProtectionDomain.java:86) ~[?:?]
	at java.awt.EventQueue.dispatchEvent(EventQueue.java:741) ~[?:?]
	at java.awt.EventDispatchThread.pumpOneEventForFilters(EventDispatchThread.java:203) ~[?:?]
	at java.awt.EventDispatchThread.pumpEventsForFilter(EventDispatchThread.java:124) ~[?:?]
	at java.awt.EventDispatchThread.pumpEventsForHierarchy(EventDispatchThread.java:113) ~[?:?]
	at java.awt.EventDispatchThread.pumpEvents(EventDispatchThread.java:109) ~[?:?]
	at java.awt.EventDispatchThread.pumpEvents(EventDispatchThread.java:101) ~[?:?]
	at java.awt.EventDispatchThread.run(EventDispatchThread.java:90) ~[?:?]
Caused by: java.lang.ClassNotFoundException: org.eclipse.jetty.server.Handler
	at org.java.plugin.standard.StandardPluginClassLoader.loadClass(Unknown Source) ~[jpf.jar:1.0.0]
	at java.lang.ClassLoader.loadClass(ClassLoader.java:520) ~[?:?]
	... 29 more
WARN  [qtp309841870-37] 2024-07-09T15:27:37,235 ClassUtilities - Utilities.findMethod: warning, could not find method 'generateVehicleAgent([])' in class repast.simphony.dataLoader.ContextBuilder, returning null
WARN  [qtp309841870-33] 2024-07-09T15:30:09,879 ClassUtilities - Utilities.findMethod: warning, could not find method 'generateVehicleAgent([])' in class repast.simphony.dataLoader.ContextBuilder, returning null
FATAL [Thread-34] 2024-07-10T13:20:13,723 GUIScheduleRunner - RunTimeException when running the schedule
Current tick (518.0)
java.lang.RuntimeException: java.lang.reflect.InvocationTargetException
	at repast.simphony.engine.schedule.DynamicTargetAction.execute(DynamicTargetAction.java:72) ~[?:?]
	at repast.simphony.engine.controller.ScheduledMethodControllerAction$ScheduleMethodAllAction.execute(ScheduledMethodControllerAction.java:336) ~[?:?]
	at repast.simphony.engine.schedule.DefaultAction.execute(DefaultAction.java:38) ~[?:?]
	at repast.simphony.engine.schedule.ScheduleGroup.executeList(ScheduleGroup.java:205) ~[?:?]
	at repast.simphony.engine.schedule.ScheduleGroup.execute(ScheduleGroup.java:227) ~[?:?]
	at repast.simphony.engine.schedule.Schedule.execute(Schedule.java:375) ~[?:?]
	at repast.simphony.ui.GUIScheduleRunner$ScheduleLoopRunnable.run(GUIScheduleRunner.java:52) ~[?:?]
	at java.lang.Thread.run(Thread.java:842) ~[?:?]
Caused by: java.lang.reflect.InvocationTargetException
	at trafficFlowSimulation.Vehicle$$FastClassByCGLIB$$2d4ff650.invoke(<generated>) ~[?:?]
	at net.sf.cglib.reflect.FastMethod.invoke(FastMethod.java:53) ~[?:?]
	at repast.simphony.engine.schedule.DynamicTargetAction.execute(DynamicTargetAction.java:69) ~[?:?]
	... 7 more
Caused by: java.lang.NullPointerException: Cannot invoke "repast.simphony.context.Context.getProjection(String)" because "this.context" is null
	at trafficFlowSimulation.Vehicle.move(Vehicle.java:97) ~[?:?]
	at trafficFlowSimulation.Vehicle$$FastClassByCGLIB$$2d4ff650.invoke(<generated>) ~[?:?]
	at net.sf.cglib.reflect.FastMethod.invoke(FastMethod.java:53) ~[?:?]
	at repast.simphony.engine.schedule.DynamicTargetAction.execute(DynamicTargetAction.java:69) ~[?:?]
	... 7 more
FATAL [Thread-34] 2024-07-10T13:25:54,077 GUIScheduleRunner - RunTimeException when running the schedule
Current tick (131.0)
java.lang.RuntimeException: java.lang.reflect.InvocationTargetException
	at repast.simphony.engine.schedule.DynamicTargetAction.execute(DynamicTargetAction.java:72) ~[?:?]
	at repast.simphony.engine.controller.ScheduledMethodControllerAction$ScheduleMethodAllAction.execute(ScheduledMethodControllerAction.java:336) ~[?:?]
	at repast.simphony.engine.schedule.DefaultAction.execute(DefaultAction.java:38) ~[?:?]
	at repast.simphony.engine.schedule.ScheduleGroup.executeList(ScheduleGroup.java:205) ~[?:?]
	at repast.simphony.engine.schedule.ScheduleGroup.execute(ScheduleGroup.java:227) ~[?:?]
	at repast.simphony.engine.schedule.Schedule.execute(Schedule.java:375) ~[?:?]
	at repast.simphony.ui.GUIScheduleRunner$ScheduleLoopRunnable.run(GUIScheduleRunner.java:52) ~[?:?]
	at java.lang.Thread.run(Thread.java:842) ~[?:?]
Caused by: java.lang.reflect.InvocationTargetException
	at trafficFlowSimulation.Vehicle$$FastClassByCGLIB$$2d4ff650.invoke(<generated>) ~[?:?]
	at net.sf.cglib.reflect.FastMethod.invoke(FastMethod.java:53) ~[?:?]
	at repast.simphony.engine.schedule.DynamicTargetAction.execute(DynamicTargetAction.java:69) ~[?:?]
	... 7 more
Caused by: java.lang.NullPointerException: Cannot invoke "java.util.LinkedList.getFirst()" because "this.route" is null
	at trafficFlowSimulation.Vehicle.move(Vehicle.java:116) ~[?:?]
	at trafficFlowSimulation.Vehicle$$FastClassByCGLIB$$2d4ff650.invoke(<generated>) ~[?:?]
	at net.sf.cglib.reflect.FastMethod.invoke(FastMethod.java:53) ~[?:?]
	at repast.simphony.engine.schedule.DynamicTargetAction.execute(DynamicTargetAction.java:69) ~[?:?]
	... 7 more
FATAL [Thread-34] 2024-07-12T11:12:26,342 GUIScheduleRunner - RunTimeException when running the schedule
Current tick (2.0)
java.lang.RuntimeException: java.lang.reflect.InvocationTargetException
	at repast.simphony.engine.schedule.DynamicTargetAction.execute(DynamicTargetAction.java:72) ~[?:?]
	at repast.simphony.engine.controller.ScheduledMethodControllerAction$ScheduleMethodAllAction.execute(ScheduledMethodControllerAction.java:336) ~[?:?]
	at repast.simphony.engine.schedule.DefaultAction.execute(DefaultAction.java:38) ~[?:?]
	at repast.simphony.engine.schedule.ScheduleGroup.executeList(ScheduleGroup.java:205) ~[?:?]
	at repast.simphony.engine.schedule.ScheduleGroup.execute(ScheduleGroup.java:227) ~[?:?]
	at repast.simphony.engine.schedule.Schedule.execute(Schedule.java:375) ~[?:?]
	at repast.simphony.ui.GUIScheduleRunner$ScheduleLoopRunnable.run(GUIScheduleRunner.java:52) ~[?:?]
	at java.lang.Thread.run(Thread.java:842) ~[?:?]
Caused by: java.lang.reflect.InvocationTargetException
	at trafficFlowSimulation.Vehicle$$FastClassByCGLIB$$2d4ff650.invoke(<generated>) ~[?:?]
	at net.sf.cglib.reflect.FastMethod.invoke(FastMethod.java:53) ~[?:?]
	at repast.simphony.engine.schedule.DynamicTargetAction.execute(DynamicTargetAction.java:69) ~[?:?]
	... 7 more
Caused by: java.lang.NullPointerException: Cannot invoke "trafficFlowSimulation.TrafficSignal.getJunction()" because the return value of "trafficFlowSimulation.Intersection.getTrafficSignal()" is null
	at trafficFlowSimulation.Vehicle.move(Vehicle.java:120) ~[?:?]
	at trafficFlowSimulation.Vehicle$$FastClassByCGLIB$$2d4ff650.invoke(<generated>) ~[?:?]
	at net.sf.cglib.reflect.FastMethod.invoke(FastMethod.java:53) ~[?:?]
	at repast.simphony.engine.schedule.DynamicTargetAction.execute(DynamicTargetAction.java:69) ~[?:?]
	... 7 more
FATAL [Thread-34] 2024-07-12T13:18:11,234 GUIScheduleRunner - RunTimeException when running the schedule
Current tick (127.0)
java.lang.ArrayIndexOutOfBoundsException: Index 8 out of bounds for length 8
	at repast.simphony.util.collections.RandomIterable.next(RandomIterable.java:86) ~[?:?]
	at repast.simphony.context.ContextIterable.next(ContextIterable.java:51) ~[?:?]
	at repast.simphony.engine.controller.ScheduledMethodControllerAction$ScheduleMethodAllAction.execute(ScheduledMethodControllerAction.java:333) ~[?:?]
	at repast.simphony.engine.schedule.DefaultAction.execute(DefaultAction.java:38) ~[?:?]
	at repast.simphony.engine.schedule.ScheduleGroup.executeList(ScheduleGroup.java:205) ~[?:?]
	at repast.simphony.engine.schedule.ScheduleGroup.execute(ScheduleGroup.java:231) ~[?:?]
	at repast.simphony.engine.schedule.Schedule.execute(Schedule.java:375) ~[?:?]
	at repast.simphony.ui.GUIScheduleRunner$ScheduleLoopRunnable.run(GUIScheduleRunner.java:52) ~[?:?]
	at java.lang.Thread.run(Thread.java:842) ~[?:?]
